  GA.cpp
c:\users\rowan\documents\genetics2\genetics2\project\camera.h(125): warning C4244: '=': conversion from 'double' to 'T', possible loss of data
          with
          [
              T=float
          ]
c:\users\rowan\documents\genetics2\genetics2\project\camera.h(126): warning C4244: '=': conversion from 'double' to 'T', possible loss of data
          with
          [
              T=float
          ]
c:\users\rowan\documents\genetics2\genetics2\project\camera.h(127): warning C4244: '=': conversion from 'double' to 'T', possible loss of data
          with
          [
              T=float
          ]
c:\users\rowan\documents\genetics2\genetics2\project\ga.cpp(32): warning C4018: '<': signed/unsigned mismatch
c:\users\rowan\documents\genetics2\genetics2\project\ga.cpp(36): warning C4018: '<': signed/unsigned mismatch
c:\users\rowan\documents\genetics2\genetics2\project\ga.cpp(96): warning C4018: '<': signed/unsigned mismatch
c:\users\rowan\documents\genetics2\genetics2\project\ga.cpp(107): warning C4018: '<': signed/unsigned mismatch
c:\users\rowan\documents\genetics2\genetics2\project\ga.cpp(111): warning C4018: '<': signed/unsigned mismatch
c:\users\rowan\documents\genetics2\genetics2\project\ga.cpp(216): warning C4018: '>=': signed/unsigned mismatch
  Project.vcxproj -> C:\Users\rowan\Documents\Genetics2\Genetics2\Debug\Project.exe
