c:\users\rowan\documents\ga\project\project\debug\vc141.pdb
c:\users\rowan\documents\ga\project\project\debug\vc141.idb
c:\users\rowan\documents\ga\project\project\debug\subcomponent.obj
c:\users\rowan\documents\ga\project\project\debug\stb_image.obj
c:\users\rowan\documents\ga\project\project\debug\shader.obj
c:\users\rowan\documents\ga\project\project\debug\model.obj
c:\users\rowan\documents\ga\project\project\debug\objmodel.obj
c:\users\rowan\documents\ga\project\project\debug\mycylinder.obj
c:\users\rowan\documents\ga\project\project\debug\mesh.obj
c:\users\rowan\documents\ga\project\project\debug\ga.obj
c:\users\rowan\documents\ga\project\project\debug\cube.obj
c:\users\rowan\documents\ga\project\project\debug\component.obj
c:\users\rowan\documents\ga\project\project\debug\camera.obj
c:\users\rowan\documents\ga\project\project\debug\application.obj
c:\users\rowan\documents\ga\project\project\debug\glad.obj
c:\users\rowan\documents\ga\project\debug\project.ilk
c:\users\rowan\documents\ga\project\debug\project.exe
c:\users\rowan\documents\ga\project\debug\project.pdb
c:\users\rowan\documents\ga\project\project\debug\project.tlog\cl.command.1.tlog
c:\users\rowan\documents\ga\project\project\debug\project.tlog\cl.read.1.tlog
c:\users\rowan\documents\ga\project\project\debug\project.tlog\cl.write.1.tlog
c:\users\rowan\documents\ga\project\project\debug\project.tlog\link.command.1.tlog
c:\users\rowan\documents\ga\project\project\debug\project.tlog\link.read.1.tlog
c:\users\rowan\documents\ga\project\project\debug\project.tlog\link.write.1.tlog
