  Cube.cpp
  glad.c
Application.obj : error LNK2019: unresolved external symbol glfwInit referenced in function main
System.obj : error LNK2001: unresolved external symbol glfwInit
Application.obj : error LNK2019: unresolved external symbol glfwTerminate referenced in function main
System.obj : error LNK2001: unresolved external symbol glfwTerminate
Application.obj : error LNK2019: unresolved external symbol glfwWindowHint referenced in function main
System.obj : error LNK2001: unresolved external symbol glfwWindowHint
Application.obj : error LNK2019: unresolved external symbol glfwCreateWindow referenced in function main
System.obj : error LNK2001: unresolved external symbol glfwCreateWindow
Application.obj : error LNK2019: unresolved external symbol glfwWindowShouldClose referenced in function "void __cdecl Setup(struct GLFWwindow *)" (?Setup@@YAXPEAUGLFWwindow@@@Z)
System.obj : error LNK2001: unresolved external symbol glfwWindowShouldClose
Application.obj : error LNK2019: unresolved external symbol glfwSetWindowShouldClose referenced in function "void __cdecl ProcessInput(struct GLFWwindow *)" (?ProcessInput@@YAXPEAUGLFWwindow@@@Z)
Application.obj : error LNK2019: unresolved external symbol glfwSetFramebufferSizeCallback referenced in function main
Application.obj : error LNK2019: unresolved external symbol glfwPollEvents referenced in function "void __cdecl Setup(struct GLFWwindow *)" (?Setup@@YAXPEAUGLFWwindow@@@Z)
System.obj : error LNK2001: unresolved external symbol glfwPollEvents
Application.obj : error LNK2019: unresolved external symbol glfwSetInputMode referenced in function main
System.obj : error LNK2001: unresolved external symbol glfwSetInputMode
Application.obj : error LNK2019: unresolved external symbol glfwGetKey referenced in function "void __cdecl ProcessInput(struct GLFWwindow *)" (?ProcessInput@@YAXPEAUGLFWwindow@@@Z)
Application.obj : error LNK2019: unresolved external symbol glfwSetCursorPosCallback referenced in function main
System.obj : error LNK2001: unresolved external symbol glfwSetCursorPosCallback
Application.obj : error LNK2019: unresolved external symbol glfwSetScrollCallback referenced in function main
Application.obj : error LNK2019: unresolved external symbol glfwGetTime referenced in function "void __cdecl Setup(struct GLFWwindow *)" (?Setup@@YAXPEAUGLFWwindow@@@Z)
System.obj : error LNK2001: unresolved external symbol glfwGetTime
Application.obj : error LNK2019: unresolved external symbol glfwMakeContextCurrent referenced in function main
System.obj : error LNK2001: unresolved external symbol glfwMakeContextCurrent
Application.obj : error LNK2019: unresolved external symbol glfwSwapBuffers referenced in function "void __cdecl Setup(struct GLFWwindow *)" (?Setup@@YAXPEAUGLFWwindow@@@Z)
System.obj : error LNK2001: unresolved external symbol glfwSwapBuffers
Application.obj : error LNK2019: unresolved external symbol glfwGetProcAddress referenced in function main
System.obj : error LNK2001: unresolved external symbol glfwGetProcAddress
System.obj : error LNK2019: unresolved external symbol glfwSetKeyCallback referenced in function "public: void __cdecl System::SetCallbackFunctions(void)" (?SetCallbackFunctions@System@@QEAAXXZ)
C:\Users\rowan\Documents\GA\Project\Dependencies\GLFW\lib-vc2015\glfw3.lib : warning LNK4272: library machine type 'x86' conflicts with target machine type 'x64'
C:\Users\rowan\Documents\GA\Project\x64\Debug\Project.exe : fatal error LNK1120: 17 unresolved externals
