  GA.cpp
c:\users\rowan\documents\genetics2\genetics2\project\camera.h(125): warning C4244: '=': conversion from 'double' to 'T', possible loss of data
          with
          [
              T=float
          ]
c:\users\rowan\documents\genetics2\genetics2\project\camera.h(126): warning C4244: '=': conversion from 'double' to 'T', possible loss of data
          with
          [
              T=float
          ]
c:\users\rowan\documents\genetics2\genetics2\project\camera.h(127): warning C4244: '=': conversion from 'double' to 'T', possible loss of data
          with
          [
              T=float
          ]
c:\users\rowan\documents\genetics2\genetics2\project\ga.cpp(32): warning C4018: '<': signed/unsigned mismatch
c:\users\rowan\documents\genetics2\genetics2\project\ga.cpp(36): warning C4018: '<': signed/unsigned mismatch
c:\users\rowan\documents\genetics2\genetics2\project\ga.cpp(97): warning C4018: '<': signed/unsigned mismatch
c:\users\rowan\documents\genetics2\genetics2\project\ga.cpp(108): warning C4018: '<': signed/unsigned mismatch
c:\users\rowan\documents\genetics2\genetics2\project\ga.cpp(112): warning C4018: '<': signed/unsigned mismatch
c:\users\rowan\documents\genetics2\genetics2\project\ga.cpp(217): warning C4018: '>=': signed/unsigned mismatch
  Generating code
  2 of 826 functions ( 0.2%) were compiled, the rest were copied from previous compilation.
    0 functions were new in current compilation
    5 functions had inline decision re-evaluated but remain unchanged
  Finished generating code
  Project.vcxproj -> C:\Users\rowan\Documents\Genetics2\Genetics2\Release\Project.exe
